<?xml version="1.0" encoding="UTF-8"?>
<testsuite name="net.vickymedia.hystrix.SampleJettyApplicationTests" tests="1" skipped="0" failures="0" errors="0" timestamp="2016-10-28T09:04:30" hostname="shield.local" time="1.648">
  <properties/>
  <testcase name="testHome" classname="net.vickymedia.hystrix.SampleJettyApplicationTests" time="1.648"/>
  <system-out><![CDATA[17:03:59.085 [Test worker] DEBUG org.springframework.test.context.junit4.SpringJUnit4ClassRunner - SpringJUnit4ClassRunner constructor called with [class net.vickymedia.hystrix.SampleJettyApplicationTests]
17:03:59.097 [Test worker] DEBUG org.springframework.test.context.BootstrapUtils - Instantiating CacheAwareContextLoaderDelegate from class [org.springframework.test.context.cache.DefaultCacheAwareContextLoaderDelegate]
17:03:59.121 [Test worker] DEBUG org.springframework.test.context.BootstrapUtils - Instantiating BootstrapContext using constructor [public org.springframework.test.context.support.DefaultBootstrapContext(java.lang.Class,org.springframework.test.context.CacheAwareContextLoaderDelegate)]
17:03:59.161 [Test worker] DEBUG org.springframework.test.context.BootstrapUtils - Instantiating TestContextBootstrapper for test class [net.vickymedia.hystrix.SampleJettyApplicationTests] from class [org.springframework.test.context.web.WebTestContextBootstrapper]
17:03:59.205 [Test worker] DEBUG org.springframework.test.context.web.WebTestContextBootstrapper - Found explicit ContextLoader class [org.springframework.boot.test.SpringApplicationContextLoader] for context configuration attributes [ContextConfigurationAttributes@1f39a847 declaringClass = 'net.vickymedia.hystrix.SampleJettyApplicationTests', classes = '{class net.vickymedia.hystrix.SampleJettyApplication}', locations = '{}', inheritLocations = true, initializers = '{}', inheritInitializers = true, name = [null], contextLoaderClass = 'org.springframework.boot.test.SpringApplicationContextLoader']
17:03:59.233 [Test worker] DEBUG org.springframework.test.context.support.AbstractContextLoader - Did not detect default resource location for test class [net.vickymedia.hystrix.SampleJettyApplicationTests]: class path resource [net/vickymedia/hystrix/SampleJettyApplicationTests-context.xml] does not exist
17:03:59.233 [Test worker] DEBUG org.springframework.test.context.support.AbstractContextLoader - Did not detect default resource location for test class [net.vickymedia.hystrix.SampleJettyApplicationTests]: class path resource [net/vickymedia/hystrix/SampleJettyApplicationTestsContext.groovy] does not exist
17:03:59.234 [Test worker] INFO org.springframework.test.context.support.AbstractContextLoader - Could not detect default resource locations for test class [net.vickymedia.hystrix.SampleJettyApplicationTests]: no resource found for suffixes {-context.xml, Context.groovy}.
17:03:59.326 [Test worker] DEBUG org.springframework.test.context.support.ActiveProfilesUtils - Could not find an 'annotation declaring class' for annotation type [org.springframework.test.context.ActiveProfiles] and class [net.vickymedia.hystrix.SampleJettyApplicationTests]
17:03:59.330 [Test worker] INFO org.springframework.test.context.web.WebTestContextBootstrapper - Could not instantiate TestExecutionListener [org.springframework.test.context.transaction.TransactionalTestExecutionListener]. Specify custom listener classes or make the default listener classes (and their required dependencies) available. Offending class: [org/springframework/transaction/interceptor/TransactionAttributeSource]
17:03:59.331 [Test worker] INFO org.springframework.test.context.web.WebTestContextBootstrapper - Could not instantiate TestExecutionListener [org.springframework.test.context.jdbc.SqlScriptsTestExecutionListener]. Specify custom listener classes or make the default listener classes (and their required dependencies) available. Offending class: [org/springframework/transaction/interceptor/TransactionAttribute]
17:03:59.331 [Test worker] INFO org.springframework.test.context.web.WebTestContextBootstrapper - Using TestExecutionListeners: [org.springframework.boot.test.IntegrationTestPropertiesListener@72ae2459, org.springframework.test.context.support.DependencyInjectionTestExecutionListener@5b782dc2, org.springframework.test.context.support.DirtiesContextTestExecutionListener@5cbf12f7]
17:03:59.339 [Test worker] DEBUG org.springframework.test.annotation.ProfileValueUtils - Retrieved @ProfileValueSourceConfiguration [null] for test class [net.vickymedia.hystrix.SampleJettyApplicationTests]
17:03:59.339 [Test worker] DEBUG org.springframework.test.annotation.ProfileValueUtils - Retrieved ProfileValueSource type [class org.springframework.test.annotation.SystemProfileValueSource] for class [net.vickymedia.hystrix.SampleJettyApplicationTests]
17:03:59.341 [Test worker] DEBUG org.springframework.test.annotation.ProfileValueUtils - Retrieved @ProfileValueSourceConfiguration [null] for test class [net.vickymedia.hystrix.SampleJettyApplicationTests]
17:03:59.341 [Test worker] DEBUG org.springframework.test.annotation.ProfileValueUtils - Retrieved ProfileValueSource type [class org.springframework.test.annotation.SystemProfileValueSource] for class [net.vickymedia.hystrix.SampleJettyApplicationTests]
17:03:59.348 [Test worker] DEBUG org.springframework.test.annotation.ProfileValueUtils - Retrieved @ProfileValueSourceConfiguration [null] for test class [net.vickymedia.hystrix.SampleJettyApplicationTests]
17:03:59.349 [Test worker] DEBUG org.springframework.test.annotation.ProfileValueUtils - Retrieved ProfileValueSource type [class org.springframework.test.annotation.SystemProfileValueSource] for class [net.vickymedia.hystrix.SampleJettyApplicationTests]
17:03:59.361 [Test worker] DEBUG org.springframework.test.util.ReflectionTestUtils - Getting field 'mergedContextConfiguration' from target object [[DefaultTestContext@723d5f36 testClass = SampleJettyApplicationTests, testInstance = net.vickymedia.hystrix.SampleJettyApplicationTests@3688a418, testMethod = [null], testException = [null], mergedContextConfiguration = [WebMergedContextConfiguration@bd8fe9c testClass = SampleJettyApplicationTests, locations = '{}', classes = '{class net.vickymedia.hystrix.SampleJettyApplication}', contextInitializerClasses = '[]', activeProfiles = '{}', propertySourceLocations = '{}', propertySourceProperties = '{}', contextCustomizers = set[org.springframework.boot.test.context.filter.ExcludeFilterContextCustomizer@58961cc0, org.springframework.boot.test.mock.mockito.MockitoContextCustomizer@0, org.springframework.boot.test.autoconfigure.properties.PropertyMappingContextCustomizer@0, org.springframework.boot.test.autoconfigure.web.servlet.WebDriverContextCustomizerFactory$Customizer@5bb3e51d, org.springframework.test.context.web.socket.MockServerContainerContextCustomizer@650d0a6d], resourceBasePath = 'src/main/webapp', contextLoader = 'org.springframework.boot.test.SpringApplicationContextLoader', parent = [null]]]] or target class [class org.springframework.test.context.support.DefaultTestContext]
17:03:59.364 [Test worker] DEBUG org.springframework.test.util.ReflectionTestUtils - Setting field 'propertySourceProperties' of type [null] on target object [[WebMergedContextConfiguration@bd8fe9c testClass = SampleJettyApplicationTests, locations = '{}', classes = '{class net.vickymedia.hystrix.SampleJettyApplication}', contextInitializerClasses = '[]', activeProfiles = '{}', propertySourceLocations = '{}', propertySourceProperties = '{}', contextCustomizers = set[org.springframework.boot.test.context.filter.ExcludeFilterContextCustomizer@58961cc0, org.springframework.boot.test.mock.mockito.MockitoContextCustomizer@0, org.springframework.boot.test.autoconfigure.properties.PropertyMappingContextCustomizer@0, org.springframework.boot.test.autoconfigure.web.servlet.WebDriverContextCustomizerFactory$Customizer@5bb3e51d, org.springframework.test.context.web.socket.MockServerContainerContextCustomizer@650d0a6d], resourceBasePath = 'src/main/webapp', contextLoader = 'org.springframework.boot.test.SpringApplicationContextLoader', parent = [null]]] or target class [class org.springframework.test.context.web.WebMergedContextConfiguration] to value [[Ljava.lang.String;@6c8db7fa]
17:03:59.365 [Test worker] DEBUG org.springframework.test.context.support.DependencyInjectionTestExecutionListener - Performing dependency injection for test context [[DefaultTestContext@723d5f36 testClass = SampleJettyApplicationTests, testInstance = net.vickymedia.hystrix.SampleJettyApplicationTests@3688a418, testMethod = [null], testException = [null], mergedContextConfiguration = [WebMergedContextConfiguration@bd8fe9c testClass = SampleJettyApplicationTests, locations = '{}', classes = '{class net.vickymedia.hystrix.SampleJettyApplication}', contextInitializerClasses = '[]', activeProfiles = '{}', propertySourceLocations = '{}', propertySourceProperties = '{server.port:0, org.springframework.boot.test.WebIntegrationTest=true}', contextCustomizers = set[org.springframework.boot.test.context.filter.ExcludeFilterContextCustomizer@58961cc0, org.springframework.boot.test.mock.mockito.MockitoContextCustomizer@0, org.springframework.boot.test.autoconfigure.properties.PropertyMappingContextCustomizer@0, org.springframework.boot.test.autoconfigure.web.servlet.WebDriverContextCustomizerFactory$Customizer@5bb3e51d, org.springframework.test.context.web.socket.MockServerContainerContextCustomizer@650d0a6d], resourceBasePath = 'src/main/webapp', contextLoader = 'org.springframework.boot.test.SpringApplicationContextLoader', parent = [null]]]].
17:03:59.564 [Test worker] DEBUG org.springframework.core.env.StandardEnvironment - Adding [systemProperties] PropertySource with lowest search precedence
17:03:59.566 [Test worker] DEBUG org.springframework.core.env.StandardEnvironment - Adding [systemEnvironment] PropertySource with lowest search precedence
17:03:59.566 [Test worker] DEBUG org.springframework.core.env.StandardEnvironment - Initialized StandardEnvironment with PropertySources [systemProperties,systemEnvironment]
17:03:59.568 [Test worker] DEBUG org.springframework.core.env.StandardEnvironment - Adding [integrationTest] PropertySource with search precedence immediately lower than [systemEnvironment]
2016-10-28 17:04:06.382  INFO 15856 --- [    Test worker] s.c.a.AnnotationConfigApplicationContext : Refreshing org.springframework.context.annotation.AnnotationConfigApplicationContext@26077e0b: startup date [Fri Oct 28 17:04:06 CST 2016]; root of context hierarchy
2016-10-28 17:04:07.111  INFO 15856 --- [    Test worker] trationDelegate$BeanPostProcessorChecker : Bean 'configurationPropertiesRebinderAutoConfiguration' of type [class org.springframework.cloud.autoconfigure.ConfigurationPropertiesRebinderAutoConfiguration$$EnhancerBySpringCGLIB$$28455108] is not eligible for getting processed by all BeanPostProcessors (for example: not eligible for auto-proxying)

  .   ____          _            __ _ _
 /\\ / ___'_ __ _ _(_)_ __  __ _ \ \ \ \
( ( )\___ | '_ | '_| | '_ \/ _` | \ \ \ \
 \\/  ___)| |_)| | | | | || (_| |  ) ) ) )
  '  |____| .__|_| |_|_| |_\__, | / / / /
 =========|_|==============|___/=/_/_/_/
 :: Spring Boot ::        (v1.4.1.RELEASE)

2016-10-28 17:04:12.961  INFO 15856 --- [    Test worker] n.v.hystrix.SampleJettyApplicationTests  : No active profile set, falling back to default profiles: default
2016-10-28 17:04:13.035  INFO 15856 --- [    Test worker] ationConfigEmbeddedWebApplicationContext : Refreshing org.springframework.boot.context.embedded.AnnotationConfigEmbeddedWebApplicationContext@6ee60609: startup date [Fri Oct 28 17:04:13 CST 2016]; parent: org.springframework.context.annotation.AnnotationConfigApplicationContext@26077e0b
-- rx/functions/Action1.call(Ljava/lang/Object;)V: SUSPENDABLE_SUPER
2016-10-28 17:04:14.254  INFO 15856 --- [    Test worker] o.s.b.f.s.DefaultListableBeanFactory     : Overriding bean definition for bean 'requestMappingHandlerMapping' with a different definition: replacing [Root bean: class [null]; scope=; abstract=false; lazyInit=false; autowireMode=3; dependencyCheck=0; autowireCandidate=true; primary=false; factoryBeanName=co.paralleluniverse.springframework.web.servlet.config.annotation.FiberWebMvcConfigurationSupport; factoryMethodName=requestMappingHandlerMapping; initMethodName=null; destroyMethodName=(inferred); defined in co.paralleluniverse.springframework.web.servlet.config.annotation.FiberWebMvcConfigurationSupport] with [Root bean: class [null]; scope=; abstract=false; lazyInit=false; autowireMode=3; dependencyCheck=0; autowireCandidate=true; primary=true; factoryBeanName=org.springframework.boot.autoconfigure.web.WebMvcAutoConfiguration$EnableWebMvcConfiguration; factoryMethodName=requestMappingHandlerMapping; initMethodName=null; destroyMethodName=(inferred); defined in org.springframework.boot.autoconfigure.web.WebMvcAutoConfiguration$EnableWebMvcConfiguration]
2016-10-28 17:04:14.255  INFO 15856 --- [    Test worker] o.s.b.f.s.DefaultListableBeanFactory     : Overriding bean definition for bean 'requestMappingHandlerAdapter' with a different definition: replacing [Root bean: class [null]; scope=; abstract=false; lazyInit=false; autowireMode=3; dependencyCheck=0; autowireCandidate=true; primary=false; factoryBeanName=co.paralleluniverse.springframework.web.servlet.config.annotation.FiberWebMvcConfigurationSupport; factoryMethodName=requestMappingHandlerAdapter; initMethodName=null; destroyMethodName=(inferred); defined in co.paralleluniverse.springframework.web.servlet.config.annotation.FiberWebMvcConfigurationSupport] with [Root bean: class [null]; scope=; abstract=false; lazyInit=false; autowireMode=3; dependencyCheck=0; autowireCandidate=true; primary=false; factoryBeanName=org.springframework.boot.autoconfigure.web.WebMvcAutoConfiguration$EnableWebMvcConfiguration; factoryMethodName=requestMappingHandlerAdapter; initMethodName=null; destroyMethodName=(inferred); defined in org.springframework.boot.autoconfigure.web.WebMvcAutoConfiguration$EnableWebMvcConfiguration]
2016-10-28 17:04:14.465  WARN 15856 --- [    Test worker] o.s.c.a.ConfigurationClassPostProcessor  : Cannot enhance @Configuration bean definition 'refreshScope' since its singleton instance has been created too early. The typical cause is a non-static @Bean method with a BeanDefinitionRegistryPostProcessor return type: Consider declaring such methods as 'static'.
2016-10-28 17:04:14.638  INFO 15856 --- [    Test worker] o.s.cloud.context.scope.GenericScope     : BeanFactory id=df519ef2-bfd4-39e9-a57a-e961334bccd0
-- rx/functions/Func1.call(Ljava/lang/Object;)Ljava/lang/Object;: SUSPENDABLE_SUPER
2016-10-28 17:04:15.336  INFO 15856 --- [    Test worker] trationDelegate$BeanPostProcessorChecker : Bean 'org.springframework.cloud.autoconfigure.ConfigurationPropertiesRebinderAutoConfiguration' of type [class org.springframework.cloud.autoconfigure.ConfigurationPropertiesRebinderAutoConfiguration$$EnhancerBySpringCGLIB$$28455108] is not eligible for getting processed by all BeanPostProcessors (for example: not eligible for auto-proxying)
2016-10-28 17:04:15.890  INFO 15856 --- [    Test worker] org.eclipse.jetty.util.log               : Logging initialized @18782ms
2016-10-28 17:04:16.212  INFO 15856 --- [    Test worker] e.j.JettyEmbeddedServletContainerFactory : Server initialized with port: 0
2016-10-28 17:04:16.218  INFO 15856 --- [    Test worker] org.eclipse.jetty.server.Server          : jetty-9.3.11.v20160721
2016-10-28 17:04:16.515  INFO 15856 --- [    Test worker] application                              : Initializing Spring embedded WebApplicationContext
2016-10-28 17:04:16.516  INFO 15856 --- [    Test worker] o.s.web.context.ContextLoader            : Root WebApplicationContext: initialization completed in 3481 ms
2016-10-28 17:04:17.001  INFO 15856 --- [    Test worker] o.s.b.w.servlet.ServletRegistrationBean  : Mapping servlet: 'dispatcherServlet' to [/]
2016-10-28 17:04:17.015  INFO 15856 --- [    Test worker] o.s.b.w.servlet.FilterRegistrationBean   : Mapping filter: 'characterEncodingFilter' to: [/*]
2016-10-28 17:04:17.015  INFO 15856 --- [    Test worker] o.s.b.w.servlet.FilterRegistrationBean   : Mapping filter: 'hiddenHttpMethodFilter' to: [/*]
2016-10-28 17:04:17.016  INFO 15856 --- [    Test worker] o.s.b.w.servlet.FilterRegistrationBean   : Mapping filter: 'httpPutFormContentFilter' to: [/*]
2016-10-28 17:04:17.016  INFO 15856 --- [    Test worker] o.s.b.w.servlet.FilterRegistrationBean   : Mapping filter: 'requestContextFilter' to: [/*]
2016-10-28 17:04:22.411  INFO 15856 --- [    Test worker] o.e.jetty.server.handler.ContextHandler  : Started o.s.b.c.e.j.JettyEmbeddedWebAppContext@522437dc{/,file:///private/var/folders/2m/0f_zr54947s_h355tmvsxg580000gn/T/jetty-docbase.7606364883446573847.0/,AVAILABLE}
2016-10-28 17:04:22.411  INFO 15856 --- [    Test worker] org.eclipse.jetty.server.Server          : Started @25306ms
2016-10-28 17:04:24.037  INFO 15856 --- [    Test worker] s.w.s.m.m.a.RequestMappingHandlerMapping : Mapped "{[/],methods=[GET]}" onto public java.lang.String net.vickymedia.hystrix.SampleJettyApplication.helloWorld()
2016-10-28 17:04:24.043  INFO 15856 --- [    Test worker] s.w.s.m.m.a.RequestMappingHandlerMapping : Mapped "{[/error]}" onto public org.springframework.http.ResponseEntity<java.util.Map<java.lang.String, java.lang.Object>> org.springframework.boot.autoconfigure.web.BasicErrorController.error(javax.servlet.http.HttpServletRequest)
2016-10-28 17:04:24.044  INFO 15856 --- [    Test worker] s.w.s.m.m.a.RequestMappingHandlerMapping : Mapped "{[/error],produces=[text/html]}" onto public org.springframework.web.servlet.ModelAndView org.springframework.boot.autoconfigure.web.BasicErrorController.errorHtml(javax.servlet.http.HttpServletRequest,javax.servlet.http.HttpServletResponse)
2016-10-28 17:04:24.169  INFO 15856 --- [    Test worker] o.s.w.s.handler.SimpleUrlHandlerMapping  : Mapped URL path [/webjars/**] onto handler of type [class org.springframework.web.servlet.resource.ResourceHttpRequestHandler]
2016-10-28 17:04:24.170  INFO 15856 --- [    Test worker] o.s.w.s.handler.SimpleUrlHandlerMapping  : Mapped URL path [/**] onto handler of type [class org.springframework.web.servlet.resource.ResourceHttpRequestHandler]
2016-10-28 17:04:24.203  INFO 15856 --- [    Test worker] s.w.s.m.m.a.RequestMappingHandlerAdapter : Looking for @ControllerAdvice: org.springframework.boot.context.embedded.AnnotationConfigEmbeddedWebApplicationContext@6ee60609: startup date [Fri Oct 28 17:04:13 CST 2016]; parent: org.springframework.context.annotation.AnnotationConfigApplicationContext@26077e0b
2016-10-28 17:04:24.338  INFO 15856 --- [    Test worker] o.s.w.s.handler.SimpleUrlHandlerMapping  : Mapped URL path [/**/favicon.ico] onto handler of type [class org.springframework.web.servlet.resource.ResourceHttpRequestHandler]
2016-10-28 17:04:29.857  WARN 15856 --- [    Test worker] o.s.c.n.a.ArchaiusAutoConfiguration      : No spring.application.name found, defaulting to 'application'
2016-10-28 17:04:29.870  WARN 15856 --- [    Test worker] c.n.c.sources.URLConfigurationSource     : No URLs will be polled as dynamic configuration sources.
2016-10-28 17:04:29.871  INFO 15856 --- [    Test worker] c.n.c.sources.URLConfigurationSource     : To enable URLs as dynamic configuration sources, define System property archaius.configurationSource.additionalUrls or make config.properties available on classpath.
2016-10-28 17:04:29.905  WARN 15856 --- [    Test worker] c.n.c.sources.URLConfigurationSource     : No URLs will be polled as dynamic configuration sources.
2016-10-28 17:04:29.907  INFO 15856 --- [    Test worker] c.n.c.sources.URLConfigurationSource     : To enable URLs as dynamic configuration sources, define System property archaius.configurationSource.additionalUrls or make config.properties available on classpath.
2016-10-28 17:04:30.195  INFO 15856 --- [    Test worker] o.s.c.support.DefaultLifecycleProcessor  : Starting beans in phase 2147483647
2016-10-28 17:04:30.220  INFO 15856 --- [    Test worker] v.h.s.HystrixFiberExecutionConfiguration : HystrixFiberExecutionConfiguration started.
2016-10-28 17:04:30.243  INFO 15856 --- [    Test worker] application                              : Initializing Spring FrameworkServlet 'dispatcherServlet'
2016-10-28 17:04:30.243  INFO 15856 --- [    Test worker] o.s.web.servlet.DispatcherServlet        : FrameworkServlet 'dispatcherServlet': initialization started
2016-10-28 17:04:30.281  INFO 15856 --- [    Test worker] o.s.web.servlet.DispatcherServlet        : FrameworkServlet 'dispatcherServlet': initialization completed in 38 ms
2016-10-28 17:04:30.309  INFO 15856 --- [    Test worker] o.e.jetty.server.AbstractConnector       : Started ServerConnector@21797e4c{HTTP/1.1,[http/1.1]}{0.0.0.0:64792}
2016-10-28 17:04:30.316  INFO 15856 --- [    Test worker] .s.b.c.e.j.JettyEmbeddedServletContainer : Jetty started on port(s) 64792 (http/1.1)
2016-10-28 17:04:30.323  INFO 15856 --- [    Test worker] n.v.hystrix.SampleJettyApplicationTests  : Started SampleJettyApplicationTests in 30.72 seconds (JVM running for 33.217)
url: http://localhost:64792/
-- rx/functions/Action0.call()V: SUSPENDABLE_SUPER
-- rx/functions/Func0.call()Ljava/lang/Object;: SUSPENDABLE_SUPER
-- rx/functions/Action1.call(Ljava/lang/Object;)V: SUSPENDABLE_SUPER
-- rx/functions/Func2.call(Ljava/lang/Object;Ljava/lang/Object;)Ljava/lang/Object;: SUSPENDABLE_SUPER
-- rx/subjects/PublishSubject.onNext(Ljava/lang/Object;)V: SUSPENDABLE
-- rx/subjects/PublishSubject.onError(Ljava/lang/Throwable;)V: SUSPENDABLE
-- rx/subjects/PublishSubject.onCompleted()V: SUSPENDABLE
-- rx/subjects/PublishSubject$PublishSubjectState.onNext(Ljava/lang/Object;)V: SUSPENDABLE
-- rx/subjects/PublishSubject$PublishSubjectState.onError(Ljava/lang/Throwable;)V: SUSPENDABLE
-- rx/subjects/PublishSubject$PublishSubjectState.onCompleted()V: SUSPENDABLE
-- rx/subjects/SerializedSubject.onCompleted()V: SUSPENDABLE
-- rx/subjects/SerializedSubject.onError(Ljava/lang/Throwable;)V: SUSPENDABLE
-- rx/subjects/SerializedSubject.onNext(Ljava/lang/Object;)V: SUSPENDABLE
-- rx/observers/SerializedObserver.onNext(Ljava/lang/Object;)V: NON_SUSPENDABLE
-- rx/observers/SerializedObserver.onError(Ljava/lang/Throwable;)V: NON_SUSPENDABLE
-- rx/observers/SerializedObserver.onCompleted()V: NON_SUSPENDABLE
-- rx/observers/SafeSubscriber.onCompleted()V: SUSPENDABLE
-- rx/observers/SafeSubscriber.onError(Ljava/lang/Throwable;)V: SUSPENDABLE
-- rx/observers/SafeSubscriber.onNext(Ljava/lang/Object;)V: SUSPENDABLE
-- rx/subjects/PublishSubject$PublishSubjectState.onNext(Ljava/lang/Object;)V: SUSPENDABLE
-- rx/subjects/PublishSubject$PublishSubjectState.onError(Ljava/lang/Throwable;)V: SUSPENDABLE
-- rx/subjects/PublishSubject$PublishSubjectState.onCompleted()V: SUSPENDABLE
-- rx/subjects/PublishSubject$PublishSubjectProducer.onNext(Ljava/lang/Object;)V: SUSPENDABLE
-- rx/subjects/PublishSubject$PublishSubjectProducer.onError(Ljava/lang/Throwable;)V: SUSPENDABLE
-- rx/subjects/PublishSubject$PublishSubjectProducer.onCompleted()V: SUSPENDABLE
-- rx/subjects/PublishSubject$PublishSubjectProducer.onNext(Ljava/lang/Object;)V: SUSPENDABLE
-- rx/subjects/PublishSubject$PublishSubjectProducer.onError(Ljava/lang/Throwable;)V: SUSPENDABLE
-- rx/subjects/PublishSubject$PublishSubjectProducer.onCompleted()V: SUSPENDABLE
-- rx/observers/SerializedObserver.onNext(Ljava/lang/Object;)V: NON_SUSPENDABLE
-- rx/observers/SerializedObserver.onError(Ljava/lang/Throwable;)V: NON_SUSPENDABLE
-- rx/observers/SerializedObserver.onCompleted()V: NON_SUSPENDABLE
-- rx/subjects/BehaviorSubject.onCompleted()V: SUSPENDABLE
-- rx/subjects/BehaviorSubject.onError(Ljava/lang/Throwable;)V: SUSPENDABLE
-- rx/subjects/BehaviorSubject.onNext(Ljava/lang/Object;)V: SUSPENDABLE
-- rx/subjects/SubjectSubscriptionManager$SubjectObserver.onNext(Ljava/lang/Object;)V: SUSPENDABLE
-- rx/subjects/SubjectSubscriptionManager$SubjectObserver.onError(Ljava/lang/Throwable;)V: SUSPENDABLE
-- rx/subjects/SubjectSubscriptionManager$SubjectObserver.onCompleted()V: SUSPENDABLE
-- rx/subjects/SubjectSubscriptionManager$SubjectObserver.onNext(Ljava/lang/Object;)V: SUSPENDABLE
-- rx/subjects/SubjectSubscriptionManager$SubjectObserver.onError(Ljava/lang/Throwable;)V: SUSPENDABLE
-- rx/subjects/SubjectSubscriptionManager$SubjectObserver.onCompleted()V: SUSPENDABLE
-- rx/functions/Func4.call(Ljava/lang/Object;Ljava/lang/Object;Ljava/lang/Object;Ljava/lang/Object;)Ljava/lang/Object;: SUSPENDABLE_SUPER
-- rx/functions/Func3.call(Ljava/lang/Object;Ljava/lang/Object;Ljava/lang/Object;)Ljava/lang/Object;: SUSPENDABLE_SUPER
-- rx/functions/Func5.call(Ljava/lang/Object;Ljava/lang/Object;Ljava/lang/Object;Ljava/lang/Object;Ljava/lang/Object;)Ljava/lang/Object;: SUSPENDABLE_SUPER
-- rx/functions/FuncN.call([Ljava/lang/Object;)Ljava/lang/Object;: SUSPENDABLE_SUPER
-- rx/functions/Func9.call(Ljava/lang/Object;Ljava/lang/Object;Ljava/lang/Object;Ljava/lang/Object;Ljava/lang/Object;Ljava/lang/Object;Ljava/lang/Object;Ljava/lang/Object;Ljava/lang/Object;)Ljava/lang/Object;: SUSPENDABLE_SUPER
-- rx/functions/Func8.call(Ljava/lang/Object;Ljava/lang/Object;Ljava/lang/Object;Ljava/lang/Object;Ljava/lang/Object;Ljava/lang/Object;Ljava/lang/Object;Ljava/lang/Object;)Ljava/lang/Object;: SUSPENDABLE_SUPER
-- rx/functions/Func7.call(Ljava/lang/Object;Ljava/lang/Object;Ljava/lang/Object;Ljava/lang/Object;Ljava/lang/Object;Ljava/lang/Object;Ljava/lang/Object;)Ljava/lang/Object;: SUSPENDABLE_SUPER
-- rx/functions/Func6.call(Ljava/lang/Object;Ljava/lang/Object;Ljava/lang/Object;Ljava/lang/Object;Ljava/lang/Object;Ljava/lang/Object;)Ljava/lang/Object;: SUSPENDABLE_SUPER
-- rx/functions/Action2.call(Ljava/lang/Object;Ljava/lang/Object;)V: SUSPENDABLE_SUPER
-- rx/functions/Action3.call(Ljava/lang/Object;Ljava/lang/Object;Ljava/lang/Object;)V: SUSPENDABLE_SUPER
-- rx/functions/Action4.call(Ljava/lang/Object;Ljava/lang/Object;Ljava/lang/Object;Ljava/lang/Object;)V: SUSPENDABLE_SUPER
-- rx/functions/Action5.call(Ljava/lang/Object;Ljava/lang/Object;Ljava/lang/Object;Ljava/lang/Object;Ljava/lang/Object;)V: SUSPENDABLE_SUPER
-- rx/functions/Action6.call(Ljava/lang/Object;Ljava/lang/Object;Ljava/lang/Object;Ljava/lang/Object;Ljava/lang/Object;Ljava/lang/Object;)V: SUSPENDABLE_SUPER
-- rx/functions/Action7.call(Ljava/lang/Object;Ljava/lang/Object;Ljava/lang/Object;Ljava/lang/Object;Ljava/lang/Object;Ljava/lang/Object;Ljava/lang/Object;)V: SUSPENDABLE_SUPER
-- rx/functions/Action8.call(Ljava/lang/Object;Ljava/lang/Object;Ljava/lang/Object;Ljava/lang/Object;Ljava/lang/Object;Ljava/lang/Object;Ljava/lang/Object;Ljava/lang/Object;)V: SUSPENDABLE_SUPER
-- rx/functions/Action9.call(Ljava/lang/Object;Ljava/lang/Object;Ljava/lang/Object;Ljava/lang/Object;Ljava/lang/Object;Ljava/lang/Object;Ljava/lang/Object;Ljava/lang/Object;Ljava/lang/Object;)V: SUSPENDABLE_SUPER
-- rx/functions/ActionN.call([Ljava/lang/Object;)V: SUSPENDABLE_SUPER
-- rx/functions/Actions$EmptyAction.call()V: SUSPENDABLE
-- rx/functions/Actions$EmptyAction.call(Ljava/lang/Object;)V: SUSPENDABLE
-- rx/functions/Actions$EmptyAction.call(Ljava/lang/Object;Ljava/lang/Object;)V: SUSPENDABLE
-- rx/functions/Actions$EmptyAction.call(Ljava/lang/Object;Ljava/lang/Object;Ljava/lang/Object;)V: SUSPENDABLE
-- rx/functions/Actions$EmptyAction.call(Ljava/lang/Object;Ljava/lang/Object;Ljava/lang/Object;Ljava/lang/Object;)V: SUSPENDABLE
-- rx/functions/Actions$EmptyAction.call(Ljava/lang/Object;Ljava/lang/Object;Ljava/lang/Object;Ljava/lang/Object;Ljava/lang/Object;)V: SUSPENDABLE
-- rx/functions/Actions$EmptyAction.call(Ljava/lang/Object;Ljava/lang/Object;Ljava/lang/Object;Ljava/lang/Object;Ljava/lang/Object;Ljava/lang/Object;)V: SUSPENDABLE
-- rx/functions/Actions$EmptyAction.call(Ljava/lang/Object;Ljava/lang/Object;Ljava/lang/Object;Ljava/lang/Object;Ljava/lang/Object;Ljava/lang/Object;Ljava/lang/Object;)V: SUSPENDABLE
-- rx/functions/Actions$EmptyAction.call(Ljava/lang/Object;Ljava/lang/Object;Ljava/lang/Object;Ljava/lang/Object;Ljava/lang/Object;Ljava/lang/Object;Ljava/lang/Object;Ljava/lang/Object;)V: SUSPENDABLE
-- rx/functions/Actions$EmptyAction.call(Ljava/lang/Object;Ljava/lang/Object;Ljava/lang/Object;Ljava/lang/Object;Ljava/lang/Object;Ljava/lang/Object;Ljava/lang/Object;Ljava/lang/Object;Ljava/lang/Object;)V: SUSPENDABLE
-- rx/functions/Actions$EmptyAction.call([Ljava/lang/Object;)V: SUSPENDABLE
-- rx/functions/Action2.call(Ljava/lang/Object;Ljava/lang/Object;)V: SUSPENDABLE_SUPER
-- rx/functions/Action3.call(Ljava/lang/Object;Ljava/lang/Object;Ljava/lang/Object;)V: SUSPENDABLE_SUPER
-- rx/functions/Action4.call(Ljava/lang/Object;Ljava/lang/Object;Ljava/lang/Object;Ljava/lang/Object;)V: SUSPENDABLE_SUPER
-- rx/functions/Action5.call(Ljava/lang/Object;Ljava/lang/Object;Ljava/lang/Object;Ljava/lang/Object;Ljava/lang/Object;)V: SUSPENDABLE_SUPER
-- rx/functions/Action6.call(Ljava/lang/Object;Ljava/lang/Object;Ljava/lang/Object;Ljava/lang/Object;Ljava/lang/Object;Ljava/lang/Object;)V: SUSPENDABLE_SUPER
-- rx/functions/Action7.call(Ljava/lang/Object;Ljava/lang/Object;Ljava/lang/Object;Ljava/lang/Object;Ljava/lang/Object;Ljava/lang/Object;Ljava/lang/Object;)V: SUSPENDABLE_SUPER
-- rx/functions/Action8.call(Ljava/lang/Object;Ljava/lang/Object;Ljava/lang/Object;Ljava/lang/Object;Ljava/lang/Object;Ljava/lang/Object;Ljava/lang/Object;Ljava/lang/Object;)V: SUSPENDABLE_SUPER
-- rx/functions/Action9.call(Ljava/lang/Object;Ljava/lang/Object;Ljava/lang/Object;Ljava/lang/Object;Ljava/lang/Object;Ljava/lang/Object;Ljava/lang/Object;Ljava/lang/Object;Ljava/lang/Object;)V: SUSPENDABLE_SUPER
-- rx/functions/ActionN.call([Ljava/lang/Object;)V: SUSPENDABLE_SUPER
-- rx/internal/operators/OperatorMerge$MergeSubscriber.tryEmit(Lrx/internal/operators/OperatorMerge$InnerSubscriber;Ljava/lang/Object;)V: NON_SUSPENDABLE
-- rx/observers/Subscribers$2.onCompleted()V: SUSPENDABLE
-- rx/observers/Subscribers$2.onError(Ljava/lang/Throwable;)V: SUSPENDABLE
-- rx/observers/Subscribers$2.onNext(Ljava/lang/Object;)V: SUSPENDABLE
-- rx/observers/Subscribers$3.onCompleted()V: SUSPENDABLE
-- rx/observers/Subscribers$3.onError(Ljava/lang/Throwable;)V: SUSPENDABLE
-- rx/observers/Subscribers$3.onNext(Ljava/lang/Object;)V: SUSPENDABLE
-- rx/observers/Subscribers$4.onCompleted()V: SUSPENDABLE
-- rx/observers/Subscribers$4.onError(Ljava/lang/Throwable;)V: SUSPENDABLE
-- rx/observers/Subscribers$4.onNext(Ljava/lang/Object;)V: SUSPENDABLE
-- rx/observers/Subscribers$5.onCompleted()V: SUSPENDABLE
-- rx/observers/Subscribers$5.onError(Ljava/lang/Throwable;)V: SUSPENDABLE
-- rx/observers/Subscribers$5.onNext(Ljava/lang/Object;)V: SUSPENDABLE
-- rx/observers/Subscribers$1.onCompleted()V: SUSPENDABLE
-- rx/observers/Subscribers$1.onError(Ljava/lang/Throwable;)V: SUSPENDABLE
-- rx/observers/Subscribers$1.onNext(Ljava/lang/Object;)V: SUSPENDABLE
-- rx/internal/operators/OperatorWindowWithTime$ExactSubscriber.nextWindow()V: NON_SUSPENDABLE
-- rx/subjects/UnicastSubject.onNext(Ljava/lang/Object;)V: SUSPENDABLE
-- rx/subjects/UnicastSubject.onError(Ljava/lang/Throwable;)V: SUSPENDABLE
-- rx/subjects/UnicastSubject.onCompleted()V: SUSPENDABLE
-- rx/observers/SerializedSubscriber.onCompleted()V: SUSPENDABLE
-- rx/observers/SerializedSubscriber.onError(Ljava/lang/Throwable;)V: SUSPENDABLE
-- rx/observers/SerializedSubscriber.onNext(Ljava/lang/Object;)V: SUSPENDABLE
-- rx/subjects/UnicastSubject.onNext(Ljava/lang/Object;)V: SUSPENDABLE
-- rx/subjects/UnicastSubject.onError(Ljava/lang/Throwable;)V: SUSPENDABLE
-- rx/subjects/UnicastSubject.onCompleted()V: SUSPENDABLE
-- rx/subjects/UnicastSubject$State.onNext(Ljava/lang/Object;)V: NON_SUSPENDABLE
-- rx/subjects/UnicastSubject$State.onError(Ljava/lang/Throwable;)V: NON_SUSPENDABLE
-- rx/subjects/UnicastSubject$State.onCompleted()V: NON_SUSPENDABLE
-- rx/subjects/UnicastSubject$State.onNext(Ljava/lang/Object;)V: NON_SUSPENDABLE
-- rx/subjects/UnicastSubject$State.onError(Ljava/lang/Throwable;)V: NON_SUSPENDABLE
-- rx/subjects/UnicastSubject$State.onCompleted()V: NON_SUSPENDABLE
-- rx/observables/BlockingObservable$1.onCompleted()V: SUSPENDABLE
-- rx/observables/BlockingObservable$1.onError(Ljava/lang/Throwable;)V: SUSPENDABLE
-- rx/observables/BlockingObservable$1.onNext(Ljava/lang/Object;)V: SUSPENDABLE
-- rx/observables/BlockingObservable$4.onNext(Ljava/lang/Object;)V: SUSPENDABLE
-- rx/observables/BlockingObservable$4.onError(Ljava/lang/Throwable;)V: SUSPENDABLE
-- rx/observables/BlockingObservable$4.onCompleted()V: SUSPENDABLE
-- rx/observables/BlockingObservable$5.onNext(Ljava/lang/Object;)V: SUSPENDABLE
-- rx/observables/BlockingObservable$5.onError(Ljava/lang/Throwable;)V: SUSPENDABLE
-- rx/observables/BlockingObservable$5.onCompleted()V: SUSPENDABLE
-- rx/observables/BlockingObservable$6.onNext(Ljava/lang/Object;)V: SUSPENDABLE
-- rx/observables/BlockingObservable$6.onError(Ljava/lang/Throwable;)V: SUSPENDABLE
-- rx/observables/BlockingObservable$6.onCompleted()V: SUSPENDABLE
-- rx/observables/BlockingObservable$3.onCompleted()V: SUSPENDABLE
-- rx/observables/BlockingObservable$3.onError(Ljava/lang/Throwable;)V: SUSPENDABLE
-- rx/observables/BlockingObservable$3.onNext(Ljava/lang/Object;)V: SUSPENDABLE
-- rx/functions/Actions$Action1CallsAction0.call(Ljava/lang/Object;)V: SUSPENDABLE
-- rx/observers/Observers$1.onCompleted()V: SUSPENDABLE
-- rx/observers/Observers$1.onError(Ljava/lang/Throwable;)V: SUSPENDABLE
-- rx/observers/Observers$1.onNext(Ljava/lang/Object;)V: SUSPENDABLE
2016-10-28 17:04:31.824  WARN 15856 --- [tp1249945687-22] o.eclipse.jetty.servlet.ServletHandler   : 

org.springframework.web.util.NestedServletException: Request processing failed; nested exception is java.lang.NullPointerException
	at org.springframework.web.servlet.FrameworkServlet.processRequest(FrameworkServlet.java:982) ~[spring-webmvc-4.3.3.RELEASE.jar:4.3.3.RELEASE]
	at org.springframework.web.servlet.FrameworkServlet.doGet(FrameworkServlet.java:861) ~[spring-webmvc-4.3.3.RELEASE.jar:4.3.3.RELEASE]
	at javax.servlet.http.HttpServlet.service(HttpServlet.java:687) ~[javax.servlet-api-3.1.0.jar:3.1.0]
	at org.springframework.web.servlet.FrameworkServlet.service(FrameworkServlet.java:846) ~[spring-webmvc-4.3.3.RELEASE.jar:4.3.3.RELEASE]
	at javax.servlet.http.HttpServlet.service(HttpServlet.java:790) ~[javax.servlet-api-3.1.0.jar:3.1.0]
	at org.eclipse.jetty.servlet.ServletHolder.handle(ServletHolder.java:845) ~[jetty-servlet-9.3.11.v20160721.jar:9.3.11.v20160721]
	at org.eclipse.jetty.servlet.ServletHandler$CachedChain.doFilter(ServletHandler.java:1689) ~[jetty-servlet-9.3.11.v20160721.jar:9.3.11.v20160721]
	at org.springframework.web.filter.RequestContextFilter.doFilterInternal(RequestContextFilter.java:99) ~[spring-web-4.3.3.RELEASE.jar:4.3.3.RELEASE]
	at org.springframework.web.filter.OncePerRequestFilter.doFilter(OncePerRequestFilter.java:107) ~[spring-web-4.3.3.RELEASE.jar:4.3.3.RELEASE]
	at org.eclipse.jetty.servlet.ServletHandler$CachedChain.doFilter(ServletHandler.java:1676) ~[jetty-servlet-9.3.11.v20160721.jar:9.3.11.v20160721]
	at org.springframework.web.filter.OncePerRequestFilter.doFilter(OncePerRequestFilter.java:101) ~[spring-web-4.3.3.RELEASE.jar:4.3.3.RELEASE]
	at org.eclipse.jetty.servlet.ServletHandler$CachedChain.doFilter(ServletHandler.java:1676) ~[jetty-servlet-9.3.11.v20160721.jar:9.3.11.v20160721]
	at org.springframework.web.filter.OncePerRequestFilter.doFilter(OncePerRequestFilter.java:101) ~[spring-web-4.3.3.RELEASE.jar:4.3.3.RELEASE]
	at org.eclipse.jetty.servlet.ServletHandler$CachedChain.doFilter(ServletHandler.java:1676) ~[jetty-servlet-9.3.11.v20160721.jar:9.3.11.v20160721]
	at org.springframework.web.filter.OncePerRequestFilter.doFilter(OncePerRequestFilter.java:101) ~[spring-web-4.3.3.RELEASE.jar:4.3.3.RELEASE]
	at org.eclipse.jetty.servlet.ServletHandler$CachedChain.doFilter(ServletHandler.java:1676) ~[jetty-servlet-9.3.11.v20160721.jar:9.3.11.v20160721]
	at org.eclipse.jetty.servlet.ServletHandler.doHandle(ServletHandler.java:581) [jetty-servlet-9.3.11.v20160721.jar:9.3.11.v20160721]
	at org.eclipse.jetty.server.handler.ScopedHandler.handle(ScopedHandler.java:143) [jetty-server-9.3.11.v20160721.jar:9.3.11.v20160721]
	at org.eclipse.jetty.security.SecurityHandler.handle(SecurityHandler.java:548) [jetty-security-9.3.11.v20160721.jar:9.3.11.v20160721]
	at org.eclipse.jetty.server.session.SessionHandler.doHandle(SessionHandler.java:226) [jetty-server-9.3.11.v20160721.jar:9.3.11.v20160721]
	at org.eclipse.jetty.server.handler.ContextHandler.doHandle(ContextHandler.java:1180) [jetty-server-9.3.11.v20160721.jar:9.3.11.v20160721]
	at org.eclipse.jetty.servlet.ServletHandler.doScope(ServletHandler.java:511) [jetty-servlet-9.3.11.v20160721.jar:9.3.11.v20160721]
	at org.eclipse.jetty.server.session.SessionHandler.doScope(SessionHandler.java:185) [jetty-server-9.3.11.v20160721.jar:9.3.11.v20160721]
	at org.eclipse.jetty.server.handler.ContextHandler.doScope(ContextHandler.java:1112) [jetty-server-9.3.11.v20160721.jar:9.3.11.v20160721]
	at org.eclipse.jetty.server.handler.ScopedHandler.handle(ScopedHandler.java:141) [jetty-server-9.3.11.v20160721.jar:9.3.11.v20160721]
	at org.eclipse.jetty.server.handler.HandlerWrapper.handle(HandlerWrapper.java:134) [jetty-server-9.3.11.v20160721.jar:9.3.11.v20160721]
	at org.eclipse.jetty.server.Server.handleAsync(Server.java:575) [jetty-server-9.3.11.v20160721.jar:9.3.11.v20160721]
	at org.eclipse.jetty.server.HttpChannel.handle(HttpChannel.java:336) [jetty-server-9.3.11.v20160721.jar:9.3.11.v20160721]
	at org.eclipse.jetty.server.HttpChannel.run(HttpChannel.java:266) [jetty-server-9.3.11.v20160721.jar:9.3.11.v20160721]
	at org.eclipse.jetty.util.thread.QueuedThreadPool.runJob(QueuedThreadPool.java:671) [jetty-util-9.3.11.v20160721.jar:9.3.11.v20160721]
	at org.eclipse.jetty.util.thread.QueuedThreadPool$2.run(QueuedThreadPool.java:589) [jetty-util-9.3.11.v20160721.jar:9.3.11.v20160721]
	at java.lang.Thread.run(Thread.java:745) [na:1.8.0_92]
Caused by: java.lang.NullPointerException: null
	at co.paralleluniverse.strands.Strand.park(Strand.java:493) ~[quasar-core-0.7.4-jdk8.jar:0.7.4]
	at co.paralleluniverse.strands.ConditionSynchronizer.await(ConditionSynchronizer.java:54) ~[quasar-core-0.7.4-jdk8.jar:0.7.4]
	at co.paralleluniverse.strands.dataflow.Val.get(Val.java:154) ~[quasar-core-0.7.4-jdk8.jar:0.7.4]
	at co.paralleluniverse.fibers.Fiber.get(Fiber.java:1309) ~[quasar-core-0.7.4-jdk8.jar:0.7.4]
	at co.paralleluniverse.fibers.Fiber.join(Fiber.java:1286) ~[quasar-core-0.7.4-jdk8.jar:0.7.4]
	at co.paralleluniverse.fibers.FiberUtil.runInFiber(FiberUtil.java:95) ~[quasar-core-0.7.4-jdk8.jar:0.7.4]
	at co.paralleluniverse.fibers.FiberUtil.runInFiber(FiberUtil.java:83) ~[quasar-core-0.7.4-jdk8.jar:0.7.4]
	at net.vickymedia.hystrix.quasar.FiberThreadPoolExecutorAdaptor.execute(FiberThreadPoolExecutorAdaptor.java:47) ~[main/:na]
	at java.util.concurrent.AbstractExecutorService.submit(AbstractExecutorService.java:112) ~[na:1.8.0_92]
	at com.netflix.hystrix.strategy.concurrency.HystrixContextScheduler$ThreadPoolWorker.schedule(HystrixContextScheduler.java:171) ~[hystrix-core-1.5.6.jar:1.5.6]
	at com.netflix.hystrix.strategy.concurrency.HystrixContextScheduler$HystrixContextSchedulerWorker.schedule(HystrixContextScheduler.java:106) ~[hystrix-core-1.5.6.jar:1.5.6]
	at rx.internal.operators.OperatorSubscribeOn.call(OperatorSubscribeOn.java:45) ~[rxjava-1.2.0.jar:1.2.0]
	at rx.internal.operators.OperatorSubscribeOn.call(OperatorSubscribeOn.java:30) ~[rxjava-1.2.0.jar:1.2.0]
	at rx.internal.operators.OnSubscribeLift.call(OnSubscribeLift.java:48) ~[rxjava-1.2.0.jar:1.2.0]
	at rx.internal.operators.OnSubscribeLift.call(OnSubscribeLift.java:30) ~[rxjava-1.2.0.jar:1.2.0]
	at rx.Observable.unsafeSubscribe(Observable.java:10151) ~[rxjava-1.2.0.jar:1.2.0]
	at rx.internal.operators.OnSubscribeDoOnEach.call(OnSubscribeDoOnEach.java:41) ~[rxjava-1.2.0.jar:1.2.0]
	at rx.internal.operators.OnSubscribeDoOnEach.call(OnSubscribeDoOnEach.java:30) ~[rxjava-1.2.0.jar:1.2.0]
	at rx.Observable.unsafeSubscribe(Observable.java:10151) ~[rxjava-1.2.0.jar:1.2.0]
	at rx.internal.operators.OnSubscribeDoOnEach.call(OnSubscribeDoOnEach.java:41) ~[rxjava-1.2.0.jar:1.2.0]
	at rx.internal.operators.OnSubscribeDoOnEach.call(OnSubscribeDoOnEach.java:30) ~[rxjava-1.2.0.jar:1.2.0]
	at rx.internal.operators.OnSubscribeLift.call(OnSubscribeLift.java:48) ~[rxjava-1.2.0.jar:1.2.0]
	at rx.internal.operators.OnSubscribeLift.call(OnSubscribeLift.java:30) ~[rxjava-1.2.0.jar:1.2.0]
	at rx.Observable.unsafeSubscribe(Observable.java:10151) ~[rxjava-1.2.0.jar:1.2.0]
	at rx.internal.operators.OnSubscribeDoOnEach.call(OnSubscribeDoOnEach.java:41) ~[rxjava-1.2.0.jar:1.2.0]
	at rx.internal.operators.OnSubscribeDoOnEach.call(OnSubscribeDoOnEach.java:30) ~[rxjava-1.2.0.jar:1.2.0]
	at rx.Observable.unsafeSubscribe(Observable.java:10151) ~[rxjava-1.2.0.jar:1.2.0]
	at rx.internal.operators.OnSubscribeDoOnEach.call(OnSubscribeDoOnEach.java:41) ~[rxjava-1.2.0.jar:1.2.0]
	at rx.internal.operators.OnSubscribeDoOnEach.call(OnSubscribeDoOnEach.java:30) ~[rxjava-1.2.0.jar:1.2.0]
	at rx.Observable.unsafeSubscribe(Observable.java:10151) ~[rxjava-1.2.0.jar:1.2.0]
	at rx.internal.operators.OnSubscribeDoOnEach.call(OnSubscribeDoOnEach.java:41) ~[rxjava-1.2.0.jar:1.2.0]
	at rx.internal.operators.OnSubscribeDoOnEach.call(OnSubscribeDoOnEach.java:30) ~[rxjava-1.2.0.jar:1.2.0]
	at rx.internal.operators.OnSubscribeLift.call(OnSubscribeLift.java:48) ~[rxjava-1.2.0.jar:1.2.0]
	at rx.internal.operators.OnSubscribeLift.call(OnSubscribeLift.java:30) ~[rxjava-1.2.0.jar:1.2.0]
	at rx.Observable.unsafeSubscribe(Observable.java:10151) ~[rxjava-1.2.0.jar:1.2.0]
	at rx.internal.operators.OnSubscribeDefer.call(OnSubscribeDefer.java:51) ~[rxjava-1.2.0.jar:1.2.0]
	at rx.internal.operators.OnSubscribeDefer.call(OnSubscribeDefer.java:35) ~[rxjava-1.2.0.jar:1.2.0]
	at rx.Observable.unsafeSubscribe(Observable.java:10151) ~[rxjava-1.2.0.jar:1.2.0]
	at rx.internal.operators.OnSubscribeMap.call(OnSubscribeMap.java:48) ~[rxjava-1.2.0.jar:1.2.0]
	at rx.internal.operators.OnSubscribeMap.call(OnSubscribeMap.java:33) ~[rxjava-1.2.0.jar:1.2.0]
	at rx.Observable.unsafeSubscribe(Observable.java:10151) ~[rxjava-1.2.0.jar:1.2.0]
	at rx.internal.operators.OnSubscribeDoOnEach.call(OnSubscribeDoOnEach.java:41) ~[rxjava-1.2.0.jar:1.2.0]
	at rx.internal.operators.OnSubscribeDoOnEach.call(OnSubscribeDoOnEach.java:30) ~[rxjava-1.2.0.jar:1.2.0]
	at rx.internal.operators.OnSubscribeLift.call(OnSubscribeLift.java:48) ~[rxjava-1.2.0.jar:1.2.0]
	at rx.internal.operators.OnSubscribeLift.call(OnSubscribeLift.java:30) ~[rxjava-1.2.0.jar:1.2.0]
	at rx.Observable.unsafeSubscribe(Observable.java:10151) ~[rxjava-1.2.0.jar:1.2.0]
	at rx.internal.operators.OnSubscribeDoOnEach.call(OnSubscribeDoOnEach.java:41) ~[rxjava-1.2.0.jar:1.2.0]
	at rx.internal.operators.OnSubscribeDoOnEach.call(OnSubscribeDoOnEach.java:30) ~[rxjava-1.2.0.jar:1.2.0]
	at rx.Observable.unsafeSubscribe(Observable.java:10151) ~[rxjava-1.2.0.jar:1.2.0]
	at rx.internal.operators.OnSubscribeDefer.call(OnSubscribeDefer.java:51) ~[rxjava-1.2.0.jar:1.2.0]
	at rx.internal.operators.OnSubscribeDefer.call(OnSubscribeDefer.java:35) ~[rxjava-1.2.0.jar:1.2.0]
	at rx.internal.operators.OnSubscribeLift.call(OnSubscribeLift.java:48) ~[rxjava-1.2.0.jar:1.2.0]
	at rx.internal.operators.OnSubscribeLift.call(OnSubscribeLift.java:30) ~[rxjava-1.2.0.jar:1.2.0]
	at rx.Observable.subscribe(Observable.java:10247) ~[rxjava-1.2.0.jar:1.2.0]
	at rx.Observable.subscribe(Observable.java:10214) ~[rxjava-1.2.0.jar:1.2.0]
	at rx.internal.operators.BlockingOperatorToFuture.toFuture(BlockingOperatorToFuture.java:51) ~[rxjava-1.2.0.jar:1.2.0]
	at rx.observables.BlockingObservable.toFuture(BlockingObservable.java:411) ~[rxjava-1.2.0.jar:1.2.0]
	at com.netflix.hystrix.HystrixCommand.queue(HystrixCommand.java:377) ~[hystrix-core-1.5.6.jar:1.5.6]
	at com.netflix.hystrix.HystrixCommand.execute(HystrixCommand.java:343) ~[hystrix-core-1.5.6.jar:1.5.6]
	at com.netflix.hystrix.contrib.javanica.command.CommandExecutor.execute(CommandExecutor.java:52) ~[hystrix-javanica-1.5.6.jar:1.5.6]
	at com.netflix.hystrix.contrib.javanica.aop.aspectj.HystrixCommandAspect.methodsAnnotatedWithHystrixCommand(HystrixCommandAspect.java:98) ~[hystrix-javanica-1.5.6.jar:1.5.6]
	at sun.reflect.NativeMethodAccessorImpl.invoke0(Native Method) ~[na:1.8.0_92]
	at sun.reflect.NativeMethodAccessorImpl.invoke(NativeMethodAccessorImpl.java:62) ~[na:1.8.0_92]
	at sun.reflect.DelegatingMethodAccessorImpl.invoke(DelegatingMethodAccessorImpl.java:43) ~[na:1.8.0_92]
	at java.lang.reflect.Method.invoke(Method.java:498) ~[na:1.8.0_92]
	at org.springframework.aop.aspectj.AbstractAspectJAdvice.invokeAdviceMethodWithGivenArgs(AbstractAspectJAdvice.java:629) ~[spring-aop-4.3.3.RELEASE.jar:4.3.3.RELEASE]
	at org.springframework.aop.aspectj.AbstractAspectJAdvice.invokeAdviceMethod(AbstractAspectJAdvice.java:618) ~[spring-aop-4.3.3.RELEASE.jar:4.3.3.RELEASE]
	at org.springframework.aop.aspectj.AspectJAroundAdvice.invoke(AspectJAroundAdvice.java:70) ~[spring-aop-4.3.3.RELEASE.jar:4.3.3.RELEASE]
	at org.springframework.aop.framework.ReflectiveMethodInvocation.proceed(ReflectiveMethodInvocation.java:168) ~[spring-aop-4.3.3.RELEASE.jar:4.3.3.RELEASE]
	at org.springframework.aop.interceptor.ExposeInvocationInterceptor.invoke(ExposeInvocationInterceptor.java:92) ~[spring-aop-4.3.3.RELEASE.jar:4.3.3.RELEASE]
	at org.springframework.aop.framework.ReflectiveMethodInvocation.proceed(ReflectiveMethodInvocation.java:179) ~[spring-aop-4.3.3.RELEASE.jar:4.3.3.RELEASE]
	at org.springframework.aop.framework.CglibAopProxy$DynamicAdvisedInterceptor.intercept(CglibAopProxy.java:655) ~[spring-aop-4.3.3.RELEASE.jar:4.3.3.RELEASE]
	at net.vickymedia.hystrix.SampleJettyApplication$$EnhancerBySpringCGLIB$$3fad3242.helloWorld(<generated>) ~[test/:na]
	at sun.reflect.NativeMethodAccessorImpl.invoke0(Native Method) ~[na:1.8.0_92]
	at sun.reflect.NativeMethodAccessorImpl.invoke(NativeMethodAccessorImpl.java:62) ~[na:1.8.0_92]
	at sun.reflect.DelegatingMethodAccessorImpl.invoke(DelegatingMethodAccessorImpl.java:43) ~[na:1.8.0_92]
	at java.lang.reflect.Method.invoke(Method.java:498) ~[na:1.8.0_92]
	at co.paralleluniverse.springframework.web.method.support.FiberInvocableHandlerMethod$1.run(FiberInvocableHandlerMethod.java:119) ~[comsat-spring-webmvc-0.7.0.jar:na]
	at co.paralleluniverse.strands.SuspendableUtils$VoidSuspendableCallable.run(SuspendableUtils.java:44) ~[quasar-core-0.7.4-jdk8.jar:0.7.4]
	at co.paralleluniverse.strands.SuspendableUtils$VoidSuspendableCallable.run(SuspendableUtils.java:32) ~[quasar-core-0.7.4-jdk8.jar:0.7.4]
	at co.paralleluniverse.fibers.Fiber.run(Fiber.java:1026) ~[quasar-core-0.7.4-jdk8.jar:0.7.4]
	at co.paralleluniverse.fibers.Fiber.run1(Fiber.java:1021) ~[quasar-core-0.7.4-jdk8.jar:0.7.4]
	at co.paralleluniverse.fibers.Fiber.exec(Fiber.java:732) ~[quasar-core-0.7.4-jdk8.jar:0.7.4]
	at co.paralleluniverse.fibers.FiberForkJoinScheduler$FiberForkJoinTask.exec1(FiberForkJoinScheduler.java:265) ~[quasar-core-0.7.4-jdk8.jar:0.7.4]
	at co.paralleluniverse.concurrent.forkjoin.ParkableForkJoinTask.doExec(ParkableForkJoinTask.java:116) ~[quasar-core-0.7.4-jdk8.jar:0.7.4]
	at co.paralleluniverse.concurrent.forkjoin.ParkableForkJoinTask.exec(ParkableForkJoinTask.java:73) ~[quasar-core-0.7.4-jdk8.jar:0.7.4]
	at java.util.concurrent.ForkJoinTask.doExec(ForkJoinTask.java:289) ~[na:1.8.0_92]
	at java.util.concurrent.ForkJoinPool$WorkQueue.runTask(ForkJoinPool.java:1056) ~[na:1.8.0_92]
	at java.util.concurrent.ForkJoinPool.runWorker(ForkJoinPool.java:1692) ~[na:1.8.0_92]
	at java.util.concurrent.ForkJoinWorkerThread.run(ForkJoinWorkerThread.java:157) ~[na:1.8.0_92]

2016-10-28 17:04:31.981  INFO 15856 --- [    Test worker] ationConfigEmbeddedWebApplicationContext : Closing org.springframework.boot.context.embedded.AnnotationConfigEmbeddedWebApplicationContext@6ee60609: startup date [Fri Oct 28 17:04:13 CST 2016]; parent: org.springframework.context.annotation.AnnotationConfigApplicationContext@26077e0b
2016-10-28 17:04:31.983  INFO 15856 --- [    Test worker] o.s.c.support.DefaultLifecycleProcessor  : Stopping beans in phase 2147483647
2016-10-28 17:04:31.984  INFO 15856 --- [    Test worker] v.h.s.HystrixFiberExecutionConfiguration : HystrixFiberExecutionConfiguration stopped.
2016-10-28 17:04:32.011  INFO 15856 --- [    Test worker] o.e.jetty.server.AbstractConnector       : Stopped ServerConnector@21797e4c{HTTP/1.1,[http/1.1]}{0.0.0.0:0}
2016-10-28 17:04:32.014  INFO 15856 --- [    Test worker] application                              : Destroying Spring FrameworkServlet 'dispatcherServlet'
2016-10-28 17:04:32.015  INFO 15856 --- [    Test worker] o.e.jetty.server.handler.ContextHandler  : Stopped o.s.b.c.e.j.JettyEmbeddedWebAppContext@522437dc{/,file:///private/var/folders/2m/0f_zr54947s_h355tmvsxg580000gn/T/jetty-docbase.7606364883446573847.0/,UNAVAILABLE}
]]></system-out>
  <system-err><![CDATA[[quasar] WARNING: Can't determine super class of org/apache/catalina/session/StandardManager
[quasar] WARNING: Can't determine super class of org/apache/catalina/Manager
QUASAR WARNING: Assertions enabled. This may harm performance.
QUASAR WARNING: Fibers are set to verify instrumentation. This may *severely* harm performance.
WARNING: Uninstrumented methods (marked '**') or call-sites (marked '!!') detected on the call stack: 
	at co.paralleluniverse.common.util.ExtendedStackTrace.here (ExtendedStackTrace.java:44 bci: 8)
	at co.paralleluniverse.fibers.Fiber.checkInstrumentation (Fiber.java:1620 bci: 0)
	at co.paralleluniverse.fibers.Fiber.verifySuspend (Fiber.java:1593 bci: 6)
	at co.paralleluniverse.fibers.Stack.popMethod (Stack.java:153 bci: 11)
	at rx.Observable.subscribe(rx.Subscriber,rx.Observable) (Observable.java:10248 bci: 215)
	at rx.Observable.subscribe(rx.Subscriber) (Observable.java:10214 bci: 2) (optimized)
	at rx.Observable.subscribe(rx.Observer) (Observable.java:10122 bci: 205)
	at com.netflix.hystrix.metric.consumer.BucketedCounterStream.startCachingStreamValuesIfUnstarted) (BucketedCounterStream.java:88 bci: 18) **
	at com.netflix.hystrix.metric.consumer.HealthCountsStream.getInstance (HealthCountsStream.java:75 bci: 71) **
	at com.netflix.hystrix.metric.consumer.HealthCountsStream.getInstance (HealthCountsStream.java:62 bci: 51) **
	at com.netflix.hystrix.HystrixCommandMetrics.<init> (HystrixCommandMetrics.java:192 bci: 41) **
	at com.netflix.hystrix.HystrixCommandMetrics.getInstance (HystrixCommandMetrics.java:134 bci: 95) **
	at com.netflix.hystrix.AbstractCommand.initMetrics (AbstractCommand.java:239 bci: 9) **
	at com.netflix.hystrix.AbstractCommand.<init> (AbstractCommand.java:165 bci: 157) **
	at com.netflix.hystrix.HystrixCommand.<init> (HystrixCommand.java:147 bci: 22) **
	at com.netflix.hystrix.HystrixCommand.<init> (HystrixCommand.java:133 bci: 28) **
	at com.netflix.hystrix.contrib.javanica.command.AbstractHystrixCommand.<init> (AbstractHystrixCommand.java:51 bci: 8) **
	at com.netflix.hystrix.contrib.javanica.command.GenericCommand.<init> (GenericCommand.java:35 bci: 2) **
	at com.netflix.hystrix.contrib.javanica.command.HystrixCommandFactory.create (HystrixCommandFactory.java:43 bci: 55) **
	at com.netflix.hystrix.contrib.javanica.aop.aspectj.HystrixCommandAspect.methodsAnnotatedWithHystrixCommand (HystrixCommandAspect.java:91 bci: 76) **
	at sun.reflect.NativeMethodAccessorImpl.invoke0 (Native Method)
	at sun.reflect.NativeMethodAccessorImpl.invoke (NativeMethodAccessorImpl.java:62 bci: 100)
	at sun.reflect.DelegatingMethodAccessorImpl.invoke (DelegatingMethodAccessorImpl.java:43 bci: 6)
	at java.lang.reflect.Method.invoke (Method.java:498 bci: 56)
	at org.springframework.aop.aspectj.AbstractAspectJAdvice.invokeAdviceMethodWithGivenArgs (AbstractAspectJAdvice.java:629 bci: 36) **
	at org.springframework.aop.aspectj.AbstractAspectJAdvice.invokeAdviceMethod (AbstractAspectJAdvice.java:618 bci: 10) **
	at org.springframework.aop.aspectj.AspectJAroundAdvice.invoke (AspectJAroundAdvice.java:70 bci: 58) **
	at org.springframework.aop.framework.ReflectiveMethodInvocation.proceed (ReflectiveMethodInvocation.java:168 bci: 85) **
	at org.springframework.aop.interceptor.ExposeInvocationInterceptor.invoke (ExposeInvocationInterceptor.java:92 bci: 18) **
	at org.springframework.aop.framework.ReflectiveMethodInvocation.proceed (ReflectiveMethodInvocation.java:179 bci: 101) **
	at org.springframework.aop.framework.CglibAopProxy$DynamicAdvisedInterceptor.intercept (CglibAopProxy.java:655 bci: 120) **
	at net.vickymedia.hystrix.SampleJettyApplication$$EnhancerBySpringCGLIB$$3fad3242.helloWorld (<generated> bci: 31) **
	at sun.reflect.NativeMethodAccessorImpl.invoke0 (Native Method)
	at sun.reflect.NativeMethodAccessorImpl.invoke (NativeMethodAccessorImpl.java:62 bci: 100)
	at sun.reflect.DelegatingMethodAccessorImpl.invoke (DelegatingMethodAccessorImpl.java:43 bci: 6)
	at java.lang.reflect.Method.invoke (Method.java:498 bci: 56)
	at co.paralleluniverse.springframework.web.method.support.FiberInvocableHandlerMethod$1.run (FiberInvocableHandlerMethod.java:119 bci: 139)
	at co.paralleluniverse.strands.SuspendableUtils$VoidSuspendableCallable.run (SuspendableUtils.java:44 bci: 4)
	at co.paralleluniverse.strands.SuspendableUtils$VoidSuspendableCallable.run (SuspendableUtils.java:32 bci: 1)
	at co.paralleluniverse.fibers.Fiber.run (Fiber.java:1026 bci: 11)
	at co.paralleluniverse.fibers.Fiber.run1 (Fiber.java:1021 bci: 1)
WARNING: Uninstrumented methods (marked '**') or call-sites (marked '!!') detected on the call stack: 
	at co.paralleluniverse.common.util.ExtendedStackTrace.here (ExtendedStackTrace.java:44 bci: 8)
	at co.paralleluniverse.fibers.Fiber.checkInstrumentation (Fiber.java:1620 bci: 0)
	at co.paralleluniverse.fibers.Fiber.verifySuspend (Fiber.java:1593 bci: 6)
	at co.paralleluniverse.fibers.Stack.popMethod (Stack.java:153 bci: 11)
	at rx.Observable.unsafeSubscribe(rx.Subscriber) (Observable.java:10152 bci: 149)
	at rx.internal.operators.OnSubscribeDoOnEach.call(rx.Subscriber) (OnSubscribeDoOnEach.java:41 bci: 16) **
	at rx.internal.operators.OnSubscribeDoOnEach.call (OnSubscribeDoOnEach.java:30 bci: 5) **
	at rx.internal.operators.OnSubscribeLift.call (OnSubscribeLift.java:48 bci: 26) **
	at rx.internal.operators.OnSubscribeLift.call (OnSubscribeLift.java:30 bci: 5) **
	at rx.Observable.unsafeSubscribe (Observable.java:10151 bci: 133)
	at rx.internal.operators.OperatorSubscribeOn$1.call (OperatorSubscribeOn.java:94 bci: 26) **
	at com.netflix.hystrix.strategy.concurrency.HystrixContexSchedulerAction$1.call (HystrixContexSchedulerAction.java:56 bci: 21) **
	at com.netflix.hystrix.strategy.concurrency.HystrixContexSchedulerAction$1.call (HystrixContexSchedulerAction.java:47 bci: 1) **
	at com.netflix.hystrix.strategy.concurrency.HystrixContexSchedulerAction.call (HystrixContexSchedulerAction.java:69 bci: 4) **
	at rx.internal.schedulers.ScheduledAction.run (ScheduledAction.java:55 bci: 11) **
	at java.util.concurrent.Executors$RunnableAdapter.call (Executors.java:511 bci: 4) **
	at java.util.concurrent.FutureTask.run (FutureTask.java:266 bci: 42) **
	at co.paralleluniverse.strands.SuspendableUtils$VoidSuspendableCallable.run (SuspendableUtils.java:44 bci: 4)
	at co.paralleluniverse.strands.SuspendableUtils$VoidSuspendableCallable.run (SuspendableUtils.java:32 bci: 1)
	at co.paralleluniverse.fibers.Fiber.run (Fiber.java:1026 bci: 11)
	at co.paralleluniverse.fibers.Fiber.run1 (Fiber.java:1021 bci: 1)
]]></system-err>
</testsuite>
